C51 COMPILER V7.08   FINAL                                                                 06/03/2025 15:56:12 PAGE 1   


C51 COMPILER V7.08, COMPILATION OF MODULE FINAL
OBJECT MODULE PLACED IN final.OBJ
COMPILER INVOKED BY: C:\Keil\C51\BIN\C51.EXE final.c BROWSE DEBUG OBJECTEXTEND

line level    source

   1          /*-----------------------------------------------
   2            名稱：串口通信（使用換行符判斷數據結束）
   3            網站：www.doflye.net
   4            編寫：shifang（修改後）
   5            日期：2009.5（修改後）
   6            內容：
   7              當UART接收到一條以換行符 ('\n') 結尾的數據，例如 "29.77\n"， 
   8              程式將自動解析數據，將其轉換成數碼管段碼，
   9              並持續刷新顯示在數碼管上。
  10          ------------------------------------------------*/
  11          
  12          #include <reg52.h>
  13          #include <string.h>
  14          
  15          #define DataPort P0
  16          #define MAX 10
  17          
  18          sbit LATCH1 = P2^2;
  19          sbit LATCH2 = P2^3;
  20          
  21          // 定義數碼管段碼：0~9和小數點（共 11 個元素）
  22          unsigned char code dofly_DuanMa[11] = {
  23              0x3F, // 0
  24              0x06, // 1
  25              0x5B, // 2
  26              0x4F, // 3
  27              0x66, // 4
  28              0x6D, // 5
  29              0x7D, // 6
  30              0x07, // 7
  31              0x7F, // 8
  32              0x6F, // 9
  33              0x80  // 小數點
  34          };
  35          
  36          // 定義位碼（根據你的硬件接線，這裡假設有8位數碼管）
  37          unsigned char code dofly_WeiMa[] = {
  38              0xFE, 0xFD, 0xFB, 0xF7, 0xEF, 0xDF, 0xBF, 0x7F
  39          };
  40          
  41          unsigned char TempData[8]; // 數碼管顯示緩衝區
  42          
  43          // UART接收緩衝區以及相關全局變量
  44          unsigned char buf[MAX];
  45          unsigned char head = 0;
  46          bit recv_flag = 0;  // 當接收到換行符後設置此標誌
  47          
  48          /*------------------------------------------------
  49              函數聲明
  50          ------------------------------------------------*/
  51          void InitUART(void);
  52          void SendByte(unsigned char dat);
  53          void SendStr(unsigned char *s);
  54          void Delay(unsigned int t);
  55          void Display(unsigned char FirstBit, unsigned char Num);
C51 COMPILER V7.08   FINAL                                                                 06/03/2025 15:56:12 PAGE 2   

  56          
  57          /*------------------------------------------------
  58              串口初始化 (9600 波特率, 11.0592MHz)
  59          ------------------------------------------------*/
  60          void InitUART(void)
  61          {
  62   1          SCON  = 0x50;    // 工作模式1：8位 UART，允許接收
  63   1          TMOD |= 0x20;    // Timer1，模式2（8位自動重載）
  64   1          TH1   = 0xFD;    // 9600 波特率（11.0592MHz晶振）
  65   1          TR1   = 1;       // 啟動定時器1
  66   1          EA    = 1;       // 全中斷使能
  67   1          ES    = 1;       // 打開串口中斷
  68   1      }
  69          
  70          /*------------------------------------------------
  71              主函數
  72          ------------------------------------------------*/
  73          void main(void)
  74          {
  75   1          unsigned int j;
  76   1          // 定義用於解析接收到資料的臨時變數
  77   1          char ten, unit, dot, tenth, hundredth;
  78   1      
  79   1          InitUART();
  80   1          ES = 1;  // 打開串口中斷
  81   1      
  82   1          while (1)
  83   1          {
  84   2              // 當接收緩衝區滿 5 個字符時進行處理
  85   2              if (head == 5)
  86   2              {
  87   3                  buf[head] = '\0'; // 加入字串結束符
  88   3                  head = 0;         // 重置接收緩衝區的指針
  89   3                  
  90   3                  // 從接收緩衝區讀取當前命令的數據
  91   3                  ten       = buf[0];  // 十位數字
  92   3                  unit      = buf[1];  // 個位數字
  93   3                  dot       = buf[2];  // 小數點
  94   3                  tenth     = buf[3];  // 十分位
  95   3                  hundredth = buf[4];  // 百分位
  96   3      
  97   3                  // 將字符轉換為對應段碼，並存入顯示緩衝區
  98   3                  if (ten >= '0' && ten <= '9')
  99   3                      TempData[0] = dofly_DuanMa[ten - '0'];
 100   3                  else
 101   3                      TempData[0] = 0x00;
 102   3      
 103   3                  if (unit >= '0' && unit <= '9')
 104   3                      TempData[1] = dofly_DuanMa[unit - '0'];
 105   3                  else
 106   3                      TempData[1] = 0x00;
 107   3      
 108   3                  // 小數點處理：只有當字符為 '.' 才顯示小數點段碼
 109   3                  if (dot == '.')
 110   3                      TempData[2] = dofly_DuanMa[10];  // 使用定義好的小數點段碼
 111   3                  else
 112   3                      TempData[2] = 0x00;
 113   3      
 114   3                  if (tenth >= '0' && tenth <= '9')
 115   3                      TempData[3] = dofly_DuanMa[tenth - '0'];
 116   3                  else
 117   3                      TempData[3] = 0x00;
C51 COMPILER V7.08   FINAL                                                                 06/03/2025 15:56:12 PAGE 3   

 118   3      
 119   3                  if (hundredth >= '0' && hundredth <= '9')
 120   3                      TempData[4] = dofly_DuanMa[hundredth - '0'];
 121   3                  else
 122   3                      TempData[4] = 0x00;
 123   3      
 124   3                  // 其他位保持空白
 125   3                  TempData[5] = TempData[6] = TempData[7] = 0x00;
 126   3              }
 127   2              
 128   2              // 刷新顯示：這裡用一個 for 迴圈持續掃描數碼管，
 129   2              // 每次顯示會依次輸出每一位的位碼與段碼
 130   2              for (j = 0; j < 100; j++)
 131   2              {
 132   3                  Display(0, 8);  // 顯示 8 位，根據實際需要調整顯示位數
 133   3              }
 134   2          }
 135   1      
 136   1      
 137   1      }
 138          
 139          /*------------------------------------------------
 140              串口中斷服務程序
 141          ------------------------------------------------*/
 142          void UART_SER(void) interrupt 4
 143          {
 144   1          unsigned char Temp;
 145   1          
 146   1          if (RI)  // 如果發生接收中斷
 147   1          {
 148   2              RI = 0;       // 清除接收中斷標誌
 149   2              Temp = SBUF;  // 讀取接收緩衝器資料
 150   2              buf[head] = Temp;
 151   2              head++;
 152   2              if (head == MAX)
 153   2                  head = 0;  // 防止緩衝區溢出，超出 MAX 後重新歸零
 154   2          }
 155   1      
 156   1      
 157   1      }
 158          
 159          /*------------------------------------------------
 160              發送一個字節 (UART)
 161          ------------------------------------------------*/
 162          void SendByte(unsigned char dat)
 163          {
 164   1          SBUF = dat;
 165   1          while (!TI);
 166   1          TI = 0;
 167   1      }
 168          
 169          /*------------------------------------------------
 170              發送一個字符串 (UART)
 171          ------------------------------------------------*/
 172          void SendStr(unsigned char *s)
 173          {
 174   1          while (*s != '\0')
 175   1          {
 176   2              SendByte(*s);
 177   2              s++;
 178   2          }
 179   1      }
C51 COMPILER V7.08   FINAL                                                                 06/03/2025 15:56:12 PAGE 4   

 180          
 181          /*------------------------------------------------
 182              毫秒延時函數
 183          ------------------------------------------------*/
 184          void Delay(unsigned int t)
 185          {
 186   1          while(t--);
 187   1      }
 188          
 189          /*------------------------------------------------
 190              數碼管顯示掃描函數
 191              參數：FirstBit：起始位；Num：顯示位數
 192          ------------------------------------------------*/
 193          void Display(unsigned char FirstBit, unsigned char Num)
 194          {
 195   1          unsigned char i;
 196   1          for (i = 0; i < Num; i++)
 197   1          {
 198   2              DataPort = 0;             // 清空數據口
 199   2              LATCH1 = 1;
 200   2              LATCH1 = 0;
 201   2            
 202   2              // 輸出位選信號
 203   2              DataPort = dofly_WeiMa[i + FirstBit];
 204   2              LATCH2 = 1;
 205   2              LATCH2 = 0;
 206   2            
 207   2              // 輸出段碼數據
 208   2              DataPort = TempData[i];
 209   2              LATCH1 = 1;
 210   2              LATCH1 = 0;
 211   2            
 212   2              Delay(200);  // 此延時根據硬件需求調整
 213   2          }
 214   1      }


MODULE INFORMATION:   STATIC OVERLAYABLE
   CODE SIZE        =    410    ----
   CONSTANT SIZE    =     19    ----
   XDATA SIZE       =   ----    ----
   PDATA SIZE       =   ----    ----
   DATA SIZE        =     19       2
   IDATA SIZE       =   ----    ----
   BIT SIZE         =      1    ----
END OF MODULE INFORMATION.


C51 COMPILATION COMPLETE.  0 WARNING(S),  0 ERROR(S)
